<?xml version="1.0" encoding="UTF-8"?>
<testng-results ignored="0" total="1" passed="1" failed="0" skipped="0">
  <reporter-output>
  </reporter-output>
  <suite started-at="2022-10-01T15:13:06 IDT" name="Default suite" finished-at="2022-10-01T15:13:07 IDT" duration-ms="192">
    <groups>
    </groups>
    <test started-at="2022-10-01T15:13:06 IDT" name="Default test" finished-at="2022-10-01T15:13:07 IDT" duration-ms="192">
      <class name="TestBrowsers">
        <test-method is-config="true" signature="before()[pri:0, instance:TestBrowsers@5e600dd5]" started-at="2022-10-01T15:13:02 IDT" name="before" finished-at="2022-10-01T15:13:06 IDT" duration-ms="4646" status="PASS">
          <reporter-output>
          </reporter-output>
        </test-method> <!-- before -->
        <test-method signature="f()[pri:0, instance:TestBrowsers@5e600dd5]" started-at="2022-10-01T15:13:06 IDT" name="f" finished-at="2022-10-01T15:13:07 IDT" duration-ms="102" status="PASS">
          <reporter-output>
          </reporter-output>
        </test-method> <!-- f -->
      </class> <!-- TestBrowsers -->
    </test> <!-- Default test -->
  </suite> <!-- Default suite -->
</testng-results>
